<?xml version="1.0" encoding="UTF-8"?>
<testsuite xmlns:xsi="http://www.w3.org/2001/XMLSchema-instance" xsi:noNamespaceSchemaLocation="https://maven.apache.org/surefire/maven-surefire-plugin/xsd/surefire-test-report.xsd" name="com.qa.apitest.testcases.GETMethodTest" time="1.637" tests="1" errors="0" skipped="0" failures="1">
  <properties>
    <property name="sun.desktop" value="windows"/>
    <property name="awt.toolkit" value="sun.awt.windows.WToolkit"/>
    <property name="file.encoding.pkg" value="sun.io"/>
    <property name="java.specification.version" value="1.8"/>
    <property name="sun.cpu.isalist" value="amd64"/>
    <property name="sun.jnu.encoding" value="Cp1252"/>
    <property name="java.class.path" value="C:\Users\r.sambhaji.kolate\workspace\APITest\target\test-classes;C:\Users\r.sambhaji.kolate\workspace\APITest\target\classes;C:\Users\r.sambhaji.kolate\.m2\repository\org\apache\httpcomponents\httpclient\4.5.10\httpclient-4.5.10.jar;C:\Users\r.sambhaji.kolate\.m2\repository\commons-logging\commons-logging\1.2\commons-logging-1.2.jar;C:\Users\r.sambhaji.kolate\.m2\repository\commons-codec\commons-codec\1.11\commons-codec-1.11.jar;C:\Users\r.sambhaji.kolate\.m2\repository\org\apache\httpcomponents\httpcore\4.4.12\httpcore-4.4.12.jar;C:\Users\r.sambhaji.kolate\.m2\repository\org\testng\testng\6.14.3\testng-6.14.3.jar;C:\Users\r.sambhaji.kolate\.m2\repository\com\beust\jcommander\1.72\jcommander-1.72.jar;C:\Users\r.sambhaji.kolate\.m2\repository\org\apache-extras\beanshell\bsh\2.0b6\bsh-2.0b6.jar;C:\Users\r.sambhaji.kolate\.m2\repository\org\json\json\20190722\json-20190722.jar;"/>
    <property name="java.vm.vendor" value="Oracle Corporation"/>
    <property name="sun.arch.data.model" value="64"/>
    <property name="user.variant" value=""/>
    <property name="java.vendor.url" value="http://java.oracle.com/"/>
    <property name="user.timezone" value="Asia/Calcutta"/>
    <property name="java.vm.specification.version" value="1.8"/>
    <property name="os.name" value="Windows 10"/>
    <property name="user.country" value="US"/>
    <property name="sun.java.launcher" value="SUN_STANDARD"/>
    <property name="sun.boot.library.path" value="C:\Program Files\Java\jdk1.8.0_231\jre\bin"/>
    <property name="sun.java.command" value="C:\Users\RSAMBH~1.KOL\AppData\Local\Temp\surefire7980127014198213396\surefirebooter7890182908963829566.jar C:\Users\r.sambhaji.kolate\AppData\Local\Temp\surefire7980127014198213396 2019-12-09T15-28-45_352-jvmRun1 surefire5621776172951633419tmp surefire_0427568845872445727tmp"/>
    <property name="surefire.test.class.path" value="C:\Users\r.sambhaji.kolate\workspace\APITest\target\test-classes;C:\Users\r.sambhaji.kolate\workspace\APITest\target\classes;C:\Users\r.sambhaji.kolate\.m2\repository\org\apache\httpcomponents\httpclient\4.5.10\httpclient-4.5.10.jar;C:\Users\r.sambhaji.kolate\.m2\repository\commons-logging\commons-logging\1.2\commons-logging-1.2.jar;C:\Users\r.sambhaji.kolate\.m2\repository\commons-codec\commons-codec\1.11\commons-codec-1.11.jar;C:\Users\r.sambhaji.kolate\.m2\repository\org\apache\httpcomponents\httpcore\4.4.12\httpcore-4.4.12.jar;C:\Users\r.sambhaji.kolate\.m2\repository\org\testng\testng\6.14.3\testng-6.14.3.jar;C:\Users\r.sambhaji.kolate\.m2\repository\com\beust\jcommander\1.72\jcommander-1.72.jar;C:\Users\r.sambhaji.kolate\.m2\repository\org\apache-extras\beanshell\bsh\2.0b6\bsh-2.0b6.jar;C:\Users\r.sambhaji.kolate\.m2\repository\org\json\json\20190722\json-20190722.jar;"/>
    <property name="sun.cpu.endian" value="little"/>
    <property name="user.home" value="C:\Users\r.sambhaji.kolate"/>
    <property name="user.language" value="en"/>
    <property name="java.specification.vendor" value="Oracle Corporation"/>
    <property name="java.home" value="C:\Program Files\Java\jdk1.8.0_231\jre"/>
    <property name="basedir" value="C:\Users\r.sambhaji.kolate\workspace\APITest"/>
    <property name="file.separator" value="\"/>
    <property name="line.separator" value="&#10;"/>
    <property name="java.vm.specification.vendor" value="Oracle Corporation"/>
    <property name="java.specification.name" value="Java Platform API Specification"/>
    <property name="java.awt.graphicsenv" value="sun.awt.Win32GraphicsEnvironment"/>
    <property name="surefire.real.class.path" value="C:\Users\RSAMBH~1.KOL\AppData\Local\Temp\surefire7980127014198213396\surefirebooter7890182908963829566.jar"/>
    <property name="sun.boot.class.path" value="C:\Program Files\Java\jdk1.8.0_231\jre\lib\resources.jar;C:\Program Files\Java\jdk1.8.0_231\jre\lib\rt.jar;C:\Program Files\Java\jdk1.8.0_231\jre\lib\sunrsasign.jar;C:\Program Files\Java\jdk1.8.0_231\jre\lib\jsse.jar;C:\Program Files\Java\jdk1.8.0_231\jre\lib\jce.jar;C:\Program Files\Java\jdk1.8.0_231\jre\lib\charsets.jar;C:\Program Files\Java\jdk1.8.0_231\jre\lib\jfr.jar;C:\Program Files\Java\jdk1.8.0_231\jre\classes"/>
    <property name="user.script" value=""/>
    <property name="sun.management.compiler" value="HotSpot 64-Bit Tiered Compilers"/>
    <property name="java.runtime.version" value="1.8.0_231-b11"/>
    <property name="user.name" value="r.sambhaji.kolate"/>
    <property name="path.separator" value=";"/>
    <property name="os.version" value="10.0"/>
    <property name="java.endorsed.dirs" value="C:\Program Files\Java\jdk1.8.0_231\jre\lib\endorsed"/>
    <property name="java.runtime.name" value="Java(TM) SE Runtime Environment"/>
    <property name="file.encoding" value="Cp1252"/>
    <property name="java.vm.name" value="Java HotSpot(TM) 64-Bit Server VM"/>
    <property name="localRepository" value="C:\Users\r.sambhaji.kolate\.m2\repository"/>
    <property name="java.vendor.url.bug" value="http://bugreport.sun.com/bugreport/"/>
    <property name="java.io.tmpdir" value="C:\Users\RSAMBH~1.KOL\AppData\Local\Temp\"/>
    <property name="java.version" value="1.8.0_231"/>
    <property name="user.dir" value="C:\Users\r.sambhaji.kolate\workspace\APITest"/>
    <property name="os.arch" value="amd64"/>
    <property name="java.vm.specification.name" value="Java Virtual Machine Specification"/>
    <property name="java.awt.printerjob" value="sun.awt.windows.WPrinterJob"/>
    <property name="sun.os.patch.level" value=""/>
    <property name="java.library.path" value="C:\Program Files\Java\jdk1.8.0_231\jre\bin;C:\windows\Sun\Java\bin;C:\windows\system32;C:\windows;C:/Program Files/Java/jre1.8.0_231/bin/server;C:/Program Files/Java/jre1.8.0_231/bin;C:/Program Files/Java/jre1.8.0_231/lib/amd64;C:\Program Files\Common Files\Microsoft Shared\Microsoft Online Services;C:\Program Files (x86)\Common Files\Microsoft Shared\Microsoft Online Services;C:\Program Files (x86)\Common Files\Oracle\Java\javapath;C:\windows\system32;C:\windows;C:\windows\System32\Wbem;C:\windows\System32\WindowsPowerShell\v1.0\;C:\windows\System32\OpenSSH\;c:\Program Files (x86)\Symantec\VIP Access Client\;C:\Program Files\nodejs\;C:\ProgramData\chocolatey\bin;C:\Program Files\Git\cmd;C:\Users\r.sambhaji.kolate\AppData\Local\Microsoft\WindowsApps;C:\Users\r.sambhaji.kolate\AppData\Roaming\npm;C:\Users\r.sambhaji.kolate\Desktop\eclipse;;."/>
    <property name="java.vm.info" value="mixed mode"/>
    <property name="java.vendor" value="Oracle Corporation"/>
    <property name="java.vm.version" value="25.231-b11"/>
    <property name="java.ext.dirs" value="C:\Program Files\Java\jdk1.8.0_231\jre\lib\ext;C:\windows\Sun\Java\lib\ext"/>
    <property name="sun.io.unicode.encoding" value="UnicodeLittle"/>
    <property name="java.class.version" value="52.0"/>
  </properties>
  <testcase name="GETAPITest" classname="com.qa.apitest.testcases.GETMethodTest" time="0.796">
    <failure type="java.lang.NullPointerException">java.lang.NullPointerException
	at com.qa.apitest.testcases.GETMethodTest.GETAPITest(GETMethodTest.java:35)
</failure>
    <system-out><![CDATA[https://reqres.in/api/users
]]></system-out>
  </testcase>
</testsuite>